<?xml version="1.0" encoding="UTF-8"?>
<testng-results skipped="0" failed="0" ignored="0" total="1" passed="1">
  <reporter-output>
  </reporter-output>
  <suite name="Default suite" duration-ms="92" started-at="2022-11-05T11:34:09Z" finished-at="2022-11-05T11:34:09Z">
    <groups>
    </groups>
    <test name="Default test" duration-ms="92" started-at="2022-11-05T11:34:09Z" finished-at="2022-11-05T11:34:09Z">
      <class name="org.samplepackage.sampless">
        <test-method status="PASS" signature="test()[pri:0, instance:org.samplepackage.sampless@3c756e4d]" name="test" duration-ms="31" started-at="2022-11-05T20:19:09Z" finished-at="2022-11-05T20:19:09Z">
          <reporter-output>
          </reporter-output>
        </test-method> <!-- test -->
      </class> <!-- org.samplepackage.sampless -->
    </test> <!-- Default test -->
  </suite> <!-- Default suite -->
</testng-results>
